Running in verbose mode

-----------------------------------------------------------------
  pg_upgrade run on Thu Oct 26 17:03:41 2017
-----------------------------------------------------------------

check for "/usr/local/Cellar/postgresql/9.5.5/bin" failed: No such file or directory

Running in verbose mode

-----------------------------------------------------------------
  pg_upgrade run on Thu Oct 26 17:04:02 2017
-----------------------------------------------------------------

check for "/usr/local/Cellar/postgresql/9.6.1/bin" failed: No such file or directory

Running in verbose mode

-----------------------------------------------------------------
  pg_upgrade run on Thu Oct 26 17:04:47 2017
-----------------------------------------------------------------

check for "/usr/local/Cellar/postgresql/9.6.1/bin" failed: No such file or directory


-----------------------------------------------------------------
  pg_upgrade run on Thu Oct 26 17:06:09 2017
-----------------------------------------------------------------

You must identify the directory where the old cluster binaries reside.
Please use the -b command-line option or the PGBINOLD environment variable.
Running in verbose mode

-----------------------------------------------------------------
  pg_upgrade run on Thu Oct 26 17:06:14 2017
-----------------------------------------------------------------

check for "/usr/local/Cellar/postgresql/9.6.1/bin" failed: No such file or directory

